<?xml version="1.0" encoding="UTF-8"?>
<testsuite name="LaterCanAwait" tests="1" skipped="0" failures="0" errors="0" timestamp="2022-07-06T02:38:25" hostname="astrab" time="0.223">
  <properties/>
  <testcase name="should_be_able_to_recover_on_a_failure()[jvm]" classname="LaterCanAwait" time="0.223"/>
  <system-out><![CDATA[danger here
Recovering
Recovered
]]></system-out>
  <system-err><![CDATA[]]></system-err>
</testsuite>
