<?xml version="1.0" encoding="UTF-8"?>
<testsuite name="ErrorHandlingTestCase" tests="5" skipped="0" failures="0" errors="0" timestamp="2022-07-06T02:36:08" hostname="astrab" time="0.122">
  <properties/>
  <testcase name="can_totally_chain_errors_and_then_blocks_continuously()[jvm]" classname="ErrorHandlingTestCase" time="0.084"/>
  <testcase name="should_not_execute_catch_if_there_are_no_errors()[jvm]" classname="ErrorHandlingTestCase" time="0.008"/>
  <testcase name="should_propagate_errors_down_stream()[jvm]" classname="ErrorHandlingTestCase" time="0.011"/>
  <testcase name="can_totally_chain_many_errors_and_then_blocks_continuously()[jvm]" classname="ErrorHandlingTestCase" time="0.011"/>
  <testcase name="should_execute_catch_when_it_encounters_an_error()[jvm]" classname="ErrorHandlingTestCase" time="0.004"/>
  <system-out><![CDATA[Executing on Mock Exector
Executing on Mock Exector
Executing on Mock Exector
Executing on Mock Exector
Executing on Mock Exector
Executing on Mock Exector
Executing on Mock Exector
Executing on Mock Exector
Executing on Mock Exector
Executing on Mock Exector
Executing on Mock Exector
Executing on Mock Exector
Executing on Mock Exector
Executing on Mock Exector
Executing on Mock Exector
Executing on Mock Exector
Executing on Mock Exector
Executing on Mock Exector
Executing on Mock Exector
Executing on Mock Exector
Executing on Mock Exector
danger here
Executing on Mock Exector
Executing on Mock Exector
Executing on Mock Exector
Executing on Mock Exector
Recovering
Executing on Mock Exector
Executing on Mock Exector
Recovered
Executing on Mock Exector
Executing on Mock Exector
Executing on Mock Exector
Executing on Mock Exector
Executing on Mock Exector
Executing on Mock Exector
Executing on Mock Exector
Executing on Mock Exector
Executing on Mock Exector
Executing on Mock Exector
Executing on Mock Exector
Executing on Mock Exector
Executing on Mock Exector
Executing on Mock Exector
Executing on Mock Exector
Executing on Mock Exector
Executing on Mock Exector
Executing on Mock Exector
Executing on Mock Exector
Executing on Mock Exector
Executing on Mock Exector
Executing on Mock Exector
Executing on Mock Exector
Executing on Mock Exector
]]></system-out>
  <system-err><![CDATA[]]></system-err>
</testsuite>
